<?xml version="1.0" encoding="UTF-8"?>
<!-- Generated by org.testng.reporters.JUnitReportReporter -->
<testsuite hostname="LAPTOP-U4TG294C" failures="0" tests="1" name="casestudy3a.MobileskeywordDrivenTest" time="9.321" errors="0" timestamp="2023-02-25T15:04:52 IST" skipped="0">
  <testcase classname="casestudy3a.MobileskeywordDrivenTest" name="TestExecution" time="9.321"/>
  <system-out/>
</testsuite> <!-- casestudy3a.MobileskeywordDrivenTest -->
