<?xml version="1.0" encoding="UTF-8"?>
<!-- Generated by org.testng.reporters.JUnitReportReporter -->
<testsuite hostname="LAPTOP-U4TG294C" failures="0" tests="1" name="casestudy2.ChromeTest" time="25.097" errors="0" timestamp="2023-02-13T19:08:45 IST" skipped="0">
  <testcase classname="casestudy2.ChromeTest" name="testfilpkart" time="25.097"/>
  <system-out/>
</testsuite> <!-- casestudy2.ChromeTest -->
